<?xml version="1.0" encoding="UTF-8"?>
<testng-results ignored="0" total="1" passed="1" failed="0" skipped="0">
  <reporter-output>
  </reporter-output>
  <suite started-at="2023-11-14T22:37:02 IST" name="Suite" finished-at="2023-11-14T22:37:24 IST" duration-ms="22109">
    <groups>
    </groups>
    <test started-at="2023-11-14T22:37:02 IST" name="Test" finished-at="2023-11-14T22:37:24 IST" duration-ms="22109">
      <class name="com.lao.launchPage.DateEntryTest">
        <test-method is-config="true" signature="Base()[pri:0, instance:com.lao.launchPage.DateEntryTest@1bb5a082]" started-at="2023-11-14T22:37:02 IST" name="Base" finished-at="2023-11-14T22:37:23 IST" duration-ms="21328" status="PASS">
          <reporter-output>
          </reporter-output>
        </test-method> <!-- Base -->
        <test-method signature="LoginTest()[pri:0, instance:com.lao.launchPage.DateEntryTest@1bb5a082]" started-at="2023-11-14T22:37:23 IST" name="LoginTest" finished-at="2023-11-14T22:37:24 IST" duration-ms="674" status="PASS">
          <reporter-output>
          </reporter-output>
        </test-method> <!-- LoginTest -->
      </class> <!-- com.lao.launchPage.DateEntryTest -->
    </test> <!-- Test -->
  </suite> <!-- Suite -->
</testng-results>
